-------------------------------------------------------------------------------
Test set: BrowserOptionsTest
-------------------------------------------------------------------------------
Tests run: 1, Failures: 0, Errors: 1, Skipped: 0, Time elapsed: 1.461 s <<< FAILURE! - in BrowserOptionsTest
browserOptionsTest  Time elapsed: 0.281 s  <<< ERROR!
java.lang.IllegalStateException: The path to the driver executable must be set by the webdriver.chrome.driver system property; for more information, see https://github.com/SeleniumHQ/selenium/wiki/ChromeDriver. The latest version can be downloaded from http://chromedriver.storage.googleapis.com/index.html
	at BrowserOptionsTest.getDriver(BrowserOptionsTest.java:90)
	at BrowserOptionsTest.setUp(BrowserOptionsTest.java:17)

